Traceback (most recent call last):
  File "/Library/Frameworks/Python.framework/Versions/3.10/lib/python3.10/site-packages/jupyter_cache/executors/utils.py", line 58, in single_nb_execution
    executenb(
  File "/Users/belka/Library/Python/3.10/lib/python/site-packages/nbclient/client.py", line 1265, in execute
    return NotebookClient(nb=nb, resources=resources, km=km, **kwargs).execute()
  File "/Users/belka/Library/Python/3.10/lib/python/site-packages/jupyter_core/utils/__init__.py", line 166, in wrapped
    return loop.run_until_complete(inner)
  File "/Library/Frameworks/Python.framework/Versions/3.10/lib/python3.10/asyncio/base_events.py", line 646, in run_until_complete
    return future.result()
  File "/Users/belka/Library/Python/3.10/lib/python/site-packages/nbclient/client.py", line 703, in async_execute
    await self.async_execute_cell(
  File "/Users/belka/Library/Python/3.10/lib/python/site-packages/nbclient/client.py", line 1021, in async_execute_cell
    await self._check_raise_for_error(cell, cell_index, exec_reply)
  File "/Users/belka/Library/Python/3.10/lib/python/site-packages/nbclient/client.py", line 915, in _check_raise_for_error
    raise CellExecutionError.from_cell_and_msg(cell, exec_reply_content)
nbclient.exceptions.CellExecutionError: An error occurred while executing the following cell:
------------------
tags = {'building': True}   

buildings = ox.geometries_from_place('Центральный район, Санкт-Петербург', tags)

buildings.explore(tiles='cartodbpositron')
------------------

[0;31m---------------------------------------------------------------------------[0m
[0;31mKeyboardInterrupt[0m                         Traceback (most recent call last)
Cell [0;32mIn[11], line 5[0m
[1;32m      1[0m tags [38;5;241m=[39m {[38;5;124m'[39m[38;5;124mbuilding[39m[38;5;124m'[39m: [38;5;28;01mTrue[39;00m}   
[1;32m      3[0m buildings [38;5;241m=[39m ox[38;5;241m.[39mgeometries_from_place([38;5;124m'[39m[38;5;124mЦентральный район, Санкт-Петербург[39m[38;5;124m'[39m, tags)
[0;32m----> 5[0m [43mbuildings[49m[38;5;241;43m.[39;49m[43mexplore[49m[43m([49m[43mtiles[49m[38;5;241;43m=[39;49m[38;5;124;43m'[39;49m[38;5;124;43mcartodbpositron[39;49m[38;5;124;43m'[39;49m[43m)[49m

File [0;32m/Library/Frameworks/Python.framework/Versions/3.10/lib/python3.10/site-packages/geopandas/geodataframe.py:2101[0m, in [0;36mGeoDataFrame.explore[0;34m(self, *args, **kwargs)[0m
[1;32m   2099[0m [38;5;129m@doc[39m(_explore)
[1;32m   2100[0m [38;5;28;01mdef[39;00m [38;5;21mexplore[39m([38;5;28mself[39m, [38;5;241m*[39margs, [38;5;241m*[39m[38;5;241m*[39mkwargs):
[0;32m-> 2101[0m     [38;5;28;01mreturn[39;00m [43m_explore[49m[43m([49m[38;5;28;43mself[39;49m[43m,[49m[43m [49m[38;5;241;43m*[39;49m[43margs[49m[43m,[49m[43m [49m[38;5;241;43m*[39;49m[38;5;241;43m*[39;49m[43mkwargs[49m[43m)[49m

File [0;32m/Library/Frameworks/Python.framework/Versions/3.10/lib/python3.10/site-packages/geopandas/explore.py:626[0m, in [0;36m_explore[0;34m(df, column, cmap, color, m, tiles, attr, tooltip, popup, highlight, categorical, legend, scheme, k, vmin, vmax, width, height, categories, classification_kwds, control_scale, marker_type, marker_kwds, style_kwds, highlight_kwds, missing_kwds, tooltip_kwds, popup_kwds, legend_kwds, map_kwds, **kwargs)[0m
[1;32m    623[0m [38;5;28;01mfor[39;00m feature [38;5;129;01min[39;00m feature_collection[[38;5;124m"[39m[38;5;124mfeatures[39m[38;5;124m"[39m]:
[1;32m    624[0m     [38;5;28;01mfor[39;00m k [38;5;129;01min[39;00m feature[[38;5;124m"[39m[38;5;124mproperties[39m[38;5;124m"[39m]:
[1;32m    625[0m         [38;5;66;03m# escape the curly braces in values[39;00m
[0;32m--> 626[0m         [38;5;28;01mif[39;00m [38;5;28;43mtype[39;49m[43m([49m[43mfeature[49m[43m[[49m[38;5;124;43m"[39;49m[38;5;124;43mproperties[39;49m[38;5;124;43m"[39;49m[43m][49m[43m[[49m[43mk[49m[43m][49m[43m)[49m [38;5;241m==[39m [38;5;28mstr[39m:
[1;32m    627[0m             feature[[38;5;124m"[39m[38;5;124mproperties[39m[38;5;124m"[39m][k] [38;5;241m=[39m re[38;5;241m.[39msub(
[1;32m    628[0m                 [38;5;124mr[39m[38;5;124m"[39m[38;5;124m\[39m[38;5;124m{{[39m[38;5;124m2,}[39m[38;5;124m"[39m,
[1;32m    629[0m                 [38;5;28;01mlambda[39;00m x: [38;5;124m"[39m[38;5;124m{[39m[38;5;132;01m% r[39;00m[38;5;124maw [39m[38;5;124m%[39m[38;5;124m}[39m[38;5;124m"[39m [38;5;241m+[39m x[38;5;241m.[39mgroup([38;5;241m0[39m) [38;5;241m+[39m [38;5;124m"[39m[38;5;124m{[39m[38;5;132;01m% e[39;00m[38;5;124mndraw [39m[38;5;124m%[39m[38;5;124m}[39m[38;5;124m"[39m,
[1;32m    630[0m                 feature[[38;5;124m"[39m[38;5;124mproperties[39m[38;5;124m"[39m][k],
[1;32m    631[0m             )
[1;32m    633[0m [38;5;66;03m# add dataframe to map[39;00m

[0;31mKeyboardInterrupt[0m: 
KeyboardInterrupt: 

